<?xml version="1.0" encoding="UTF-8"?>
<testng-results skipped="0" failed="0" ignored="0" total="2" passed="2">
  <reporter-output>
  </reporter-output>
  <suite name="Test-Suite" duration-ms="27691" started-at="2021-09-14T06:54:27 IST" finished-at="2021-09-14T06:54:55 IST">
    <groups>
      <group name="Regresssion_Test_Case">
        <method signature="TesNG_Grouping.test1()[pri:0, instance:Test_Pages_TestNG_copy.TesNG_Grouping@11438d26]" name="test1" class="Test_Pages_TestNG_copy.TesNG_Grouping"/>
      </group> <!-- Regresssion_Test_Case -->
      <group name="Smoke_Test_Case">
        <method signature="TesNG_Grouping.test2()[pri:0, instance:Test_Pages_TestNG_copy.TesNG_Grouping@11438d26]" name="test2" class="Test_Pages_TestNG_copy.TesNG_Grouping"/>
      </group> <!-- Smoke_Test_Case -->
    </groups>
    <test name="Auomation Test" duration-ms="27691" started-at="2021-09-14T06:54:27 IST" finished-at="2021-09-14T06:54:55 IST">
      <class name="Test_Pages_TestNG_copy.TesNG_Grouping">
        <test-method status="PASS" signature="test1()[pri:0, instance:Test_Pages_TestNG_copy.TesNG_Grouping@11438d26]" name="test1" duration-ms="12662" started-at="2021-09-14T06:54:27 IST" finished-at="2021-09-14T06:54:40 IST">
          <reporter-output>
          </reporter-output>
        </test-method> <!-- test1 -->
        <test-method status="PASS" signature="test2()[pri:0, instance:Test_Pages_TestNG_copy.TesNG_Grouping@11438d26]" name="test2" duration-ms="14994" started-at="2021-09-14T06:54:40 IST" finished-at="2021-09-14T06:54:55 IST">
          <reporter-output>
          </reporter-output>
        </test-method> <!-- test2 -->
      </class> <!-- Test_Pages_TestNG_copy.TesNG_Grouping -->
    </test> <!-- Auomation Test -->
  </suite> <!-- Test-Suite -->
</testng-results>
