<?xml version="1.0" encoding="UTF-8"?>
<!-- Generated by org.testng.reporters.JUnitXMLReporter -->
<testsuite hostname="Girishs-MacBook-Pro.local" ignored="1" name="Auomation Test" tests="2" failures="0" timestamp="2021-09-15T05:57:06 IST" time="26.761" errors="0">
  <testcase name="test1" time="12.598" classname="Test_Pages_TestNG_copy.TesNG_Grouping"/>
  <testcase name="test3" time="14.125" classname="Test_Pages_TestNG_copy.TesNG_Grouping"/>
  <testcase name="test2" time="0.0" classname="Test_Pages_TestNG_copy.TesNG_Grouping">
    <ignored/>
  </testcase> <!-- test2 -->
</testsuite> <!-- Auomation Test -->
