<?xml version="1.0" encoding="UTF-8"?>
<!-- Generated by org.testng.reporters.JUnitXMLReporter -->
<testsuite hostname="Girishs-MacBook-Pro.local" ignored="0" name="Practice Grouping" tests="2" failures="2" timestamp="2021-09-14T06:27:47 IST" time="0.069" errors="0">
  <testcase name="test" time="0.026" classname="Test_Pages_TestNG_copy.TesNG_Grouping">
    <failure type="java.lang.NullPointerException">
      <![CDATA[java.lang.NullPointerException
at org.openqa.selenium.support.pagefactory.DefaultElementLocator.findElement(DefaultElementLocator.java:69)
at org.openqa.selenium.support.pagefactory.internal.LocatingElementHandler.invoke(LocatingElementHandler.java:38)
at com.sun.proxy.$Proxy9.click(Unknown Source)
at Create_new_deposit_account.Create_Deposit_Account.Click_on_Accounts_Title(Create_Deposit_Account.java:36)
at Test_Pages_TestNG_copy.TesNG_Grouping.test(TesNG_Grouping.java:37)
at java.util.ArrayList.forEach(ArrayList.java:1259)
... Removed 27 stack frames]]>
    </failure>
  </testcase> <!-- test -->
  <testcase name="test1" time="0.003" classname="Test_Pages_TestNG_copy.TesNG_Grouping">
    <failure type="java.lang.NullPointerException">
      <![CDATA[java.lang.NullPointerException
at org.openqa.selenium.support.pagefactory.DefaultElementLocator.findElement(DefaultElementLocator.java:69)
at org.openqa.selenium.support.pagefactory.internal.LocatingElementHandler.invoke(LocatingElementHandler.java:38)
at com.sun.proxy.$Proxy9.click(Unknown Source)
at Money_Deposit.Make_Deposit_One_Accoount.Accounts(Make_Deposit_One_Accoount.java:47)
at Test_Pages_TestNG_copy.TesNG_Grouping.test1(TesNG_Grouping.java:49)
at java.util.ArrayList.forEach(ArrayList.java:1259)
... Removed 27 stack frames]]>
    </failure>
  </testcase> <!-- test1 -->
</testsuite> <!-- Practice Grouping -->
