<?xml version="1.0" encoding="UTF-8"?>
<!-- Generated by org.testng.reporters.JUnitXMLReporter -->
<testsuite hostname="Girishs-MacBook-Pro.local" ignored="0" name="SafariTest" tests="1" failures="1" timestamp="2021-09-15T10:46:40 IST" time="30.391" errors="0">
  <testcase name="Login_Page_Tests_Safri" time="25.29" classname="MultiBrowsers_test.MultiBrowser_test">
    <failure type="org.openqa.selenium.WebDriverException" message="
Build info: version: &amp;apos;3.141.59&amp;apos;, revision: &amp;apos;e82be7d358&amp;apos;, time: &amp;apos;2018-11-14T08:17:03&amp;apos;
System info: host: &amp;apos;Girishs-MacBook-Pro.local&amp;apos;, ip: &amp;apos;fe80:0:0:0:105d:a9d9:2e41:bb3c%en0&amp;apos;, os.name: &amp;apos;Mac OS X&amp;apos;, os.arch: &amp;apos;x86_64&amp;apos;, os.version: &amp;apos;10.16&amp;apos;, java.version: &amp;apos;1.8.0_261&amp;apos;
Driver info: org.openqa.selenium.safari.SafariDriver
Capabilities {acceptInsecureCerts: false, browserName: Safari, browserVersion: 14.0.3, javascriptEnabled: true, platform: MAC, platformName: MAC, safari:automaticInspection: false, safari:automaticProfiling: false, safari:diagnose: false, safari:platformBuildVersion: 20D91, safari:platformVersion: 11.2.3, safari:useSimulator: false, setWindowRect: true, strictFileInteractability: false, webkit:WebRTC: {DisableICECandidateFiltering: false, DisableInsecureMediaCapture: false}}
Session ID: 7DC007ED-ECF7-4CA6-A7D3-489B2F52AB3D">
      <![CDATA[org.openqa.selenium.WebDriverException: 
Build info: version: '3.141.59', revision: 'e82be7d358', time: '2018-11-14T08:17:03'
System info: host: 'Girishs-MacBook-Pro.local', ip: 'fe80:0:0:0:105d:a9d9:2e41:bb3c%en0', os.name: 'Mac OS X', os.arch: 'x86_64', os.version: '10.16', java.version: '1.8.0_261'
Driver info: org.openqa.selenium.safari.SafariDriver
Capabilities {acceptInsecureCerts: false, browserName: Safari, browserVersion: 14.0.3, javascriptEnabled: true, platform: MAC, platformName: MAC, safari:automaticInspection: false, safari:automaticProfiling: false, safari:diagnose: false, safari:platformBuildVersion: 20D91, safari:platformVersion: 11.2.3, safari:useSimulator: false, setWindowRect: true, strictFileInteractability: false, webkit:WebRTC: {DisableICECandidateFiltering: false, DisableInsecureMediaCapture: false}}
Session ID: 7DC007ED-ECF7-4CA6-A7D3-489B2F52AB3D
at org.openqa.selenium.remote.http.W3CHttpResponseCodec.createException(W3CHttpResponseCodec.java:187)
at org.openqa.selenium.remote.http.W3CHttpResponseCodec.decode(W3CHttpResponseCodec.java:122)
at org.openqa.selenium.remote.http.W3CHttpResponseCodec.decode(W3CHttpResponseCodec.java:49)
at org.openqa.selenium.remote.HttpCommandExecutor.execute(HttpCommandExecutor.java:158)
at org.openqa.selenium.remote.service.DriverCommandExecutor.execute(DriverCommandExecutor.java:83)
at org.openqa.selenium.remote.RemoteWebDriver.execute(RemoteWebDriver.java:552)
at org.openqa.selenium.remote.RemoteWebElement.execute(RemoteWebElement.java:285)
at org.openqa.selenium.remote.RemoteWebElement.sendKeys(RemoteWebElement.java:106)
at MultiBrowsers_test.MultiBrowser.Login_Page(MultiBrowser.java:26)
at MultiBrowsers_test.MultiBrowser_test.Login_Page_Tests_Safri(MultiBrowser_test.java:23)
at java.util.concurrent.ThreadPoolExecutor.runWorker(ThreadPoolExecutor.java:1149)
at java.util.concurrent.ThreadPoolExecutor$Worker.run(ThreadPoolExecutor.java:624)
at java.lang.Thread.run(Thread.java:748)
... Removed 16 stack frames]]>
    </failure>
  </testcase> <!-- Login_Page_Tests_Safri -->
</testsuite> <!-- SafariTest -->
